  Determining projects to restore...
c:\vidyanex\vidyanex-api\VNX.API\VNX.API.csproj : warning NU1608: Detected package version outside of dependency constraint: AutoMapper.Extensions.Microsoft.DependencyInjection 12.0.1 requires AutoMapper (= 12.0.1) but version AutoMapper 16.0.0 was resolved.
  All projects are up-to-date for restore.
c:\vidyanex\vidyanex-api\VNX.API\VNX.API.csproj : warning NU1608: Detected package version outside of dependency constraint: AutoMapper.Extensions.Microsoft.DependencyInjection 12.0.1 requires AutoMapper (= 12.0.1) but version AutoMapper 16.0.0 was resolved.
  VNX.Entities -> c:\vidyanex\vidyanex-api\VNX.Entities\bin\Debug\net9.0\VNX.Entities.dll
  VNX.DTOs -> c:\vidyanex\vidyanex-api\VNX.DTOs\bin\Debug\net9.0\VNX.DTOs.dll
c:\vidyanex\vidyanex-api\VNX.Repositories\StudentRepository.cs(25,20): warning CS8603: Possible null reference return. [c:\vidyanex\vidyanex-api\VNX.Repositories\VNX.Repositories.csproj]
  VNX.Repositories -> c:\vidyanex\vidyanex-api\VNX.Repositories\bin\Debug\net9.0\VNX.Repositories.dll
c:\vidyanex\vidyanex-api\VNX.API\Controllers\StudentController.cs(95,13): error CS1519: Invalid token 'if' in a member declaration [c:\vidyanex\vidyanex-api\VNX.API\VNX.API.csproj]
c:\vidyanex\vidyanex-api\VNX.API\Controllers\StudentController.cs(95,33): error CS8124: Tuple must contain at least two elements. [c:\vidyanex\vidyanex-api\VNX.API\VNX.API.csproj]
c:\vidyanex\vidyanex-api\VNX.API\Controllers\StudentController.cs(95,33): error CS1026: ) expected [c:\vidyanex\vidyanex-api\VNX.API\VNX.API.csproj]
c:\vidyanex\vidyanex-api\VNX.API\Controllers\StudentController.cs(95,33): error CS1519: Invalid token '==' in a member declaration [c:\vidyanex\vidyanex-api\VNX.API\VNX.API.csproj]
c:\vidyanex\vidyanex-api\VNX.API\Controllers\StudentController.cs(100,13): error CS1022: Type or namespace definition, or end-of-file expected [c:\vidyanex\vidyanex-api\VNX.API\VNX.API.csproj]
c:\vidyanex\vidyanex-api\VNX.API\Controllers\StudentController.cs(103,25): error CS0116: A namespace cannot directly contain members such as fields, methods or statements [c:\vidyanex\vidyanex-api\VNX.API\VNX.API.csproj]
c:\vidyanex\vidyanex-api\VNX.API\Controllers\StudentController.cs(103,49): error CS0116: A namespace cannot directly contain members such as fields, methods or statements [c:\vidyanex\vidyanex-api\VNX.API\VNX.API.csproj]
c:\vidyanex\vidyanex-api\VNX.API\Controllers\StudentController.cs(103,50): error CS1022: Type or namespace definition, or end-of-file expected [c:\vidyanex\vidyanex-api\VNX.API\VNX.API.csproj]
c:\vidyanex\vidyanex-api\VNX.API\Controllers\StudentController.cs(105,33): error CS0116: A namespace cannot directly contain members such as fields, methods or statements [c:\vidyanex\vidyanex-api\VNX.API\VNX.API.csproj]
c:\vidyanex\vidyanex-api\VNX.API\Controllers\StudentController.cs(105,43): error CS1022: Type or namespace definition, or end-of-file expected [c:\vidyanex\vidyanex-api\VNX.API\VNX.API.csproj]
c:\vidyanex\vidyanex-api\VNX.API\Controllers\StudentController.cs(105,54): error CS0116: A namespace cannot directly contain members such as fields, methods or statements [c:\vidyanex\vidyanex-api\VNX.API\VNX.API.csproj]
c:\vidyanex\vidyanex-api\VNX.API\Controllers\StudentController.cs(105,60): error CS1022: Type or namespace definition, or end-of-file expected [c:\vidyanex\vidyanex-api\VNX.API\VNX.API.csproj]
c:\vidyanex\vidyanex-api\VNX.API\Controllers\StudentController.cs(107,75): error CS1001: Identifier expected [c:\vidyanex\vidyanex-api\VNX.API\VNX.API.csproj]
c:\vidyanex\vidyanex-api\VNX.API\Controllers\StudentController.cs(109,17): error CS1022: Type or namespace definition, or end-of-file expected [c:\vidyanex\vidyanex-api\VNX.API\VNX.API.csproj]
c:\vidyanex\vidyanex-api\VNX.API\Controllers\StudentController.cs(109,27): error CS1026: ) expected [c:\vidyanex\vidyanex-api\VNX.API\VNX.API.csproj]
c:\vidyanex\vidyanex-api\VNX.API\Controllers\StudentController.cs(109,27): error CS1002: ; expected [c:\vidyanex\vidyanex-api\VNX.API\VNX.API.csproj]
c:\vidyanex\vidyanex-api\VNX.API\Controllers\StudentController.cs(109,27): error CS0116: A namespace cannot directly contain members such as fields, methods or statements [c:\vidyanex\vidyanex-api\VNX.API\VNX.API.csproj]
c:\vidyanex\vidyanex-api\VNX.API\Controllers\StudentController.cs(109,31): error CS1022: Type or namespace definition, or end-of-file expected [c:\vidyanex\vidyanex-api\VNX.API\VNX.API.csproj]
c:\vidyanex\vidyanex-api\VNX.API\Controllers\StudentController.cs(109,33): error CS0116: A namespace cannot directly contain members such as fields, methods or statements [c:\vidyanex\vidyanex-api\VNX.API\VNX.API.csproj]
c:\vidyanex\vidyanex-api\VNX.API\Controllers\StudentController.cs(109,41): error CS1022: Type or namespace definition, or end-of-file expected [c:\vidyanex\vidyanex-api\VNX.API\VNX.API.csproj]
c:\vidyanex\vidyanex-api\VNX.API\Controllers\StudentController.cs(109,75): error CS1022: Type or namespace definition, or end-of-file expected [c:\vidyanex\vidyanex-api\VNX.API\VNX.API.csproj]
c:\vidyanex\vidyanex-api\VNX.API\Controllers\StudentController.cs(109,76): error CS8803: Top-level statements must precede namespace and type declarations. [c:\vidyanex\vidyanex-api\VNX.API\VNX.API.csproj]
c:\vidyanex\vidyanex-api\VNX.API\Controllers\StudentController.cs(110,13): error CS1022: Type or namespace definition, or end-of-file expected [c:\vidyanex\vidyanex-api\VNX.API\VNX.API.csproj]
c:\vidyanex\vidyanex-api\VNX.API\Controllers\StudentController.cs(111,13): error CS1022: Type or namespace definition, or end-of-file expected [c:\vidyanex\vidyanex-api\VNX.API\VNX.API.csproj]
c:\vidyanex\vidyanex-api\VNX.API\Controllers\StudentController.cs(111,38): error CS1026: ) expected [c:\vidyanex\vidyanex-api\VNX.API\VNX.API.csproj]
c:\vidyanex\vidyanex-api\VNX.API\Controllers\StudentController.cs(111,38): error CS1002: ; expected [c:\vidyanex\vidyanex-api\VNX.API\VNX.API.csproj]
c:\vidyanex\vidyanex-api\VNX.API\Controllers\StudentController.cs(111,40): error CS1001: Identifier expected [c:\vidyanex\vidyanex-api\VNX.API\VNX.API.csproj]
c:\vidyanex\vidyanex-api\VNX.API\Controllers\StudentController.cs(111,40): error CS1003: Syntax error, ',' expected [c:\vidyanex\vidyanex-api\VNX.API\VNX.API.csproj]
c:\vidyanex\vidyanex-api\VNX.API\Controllers\StudentController.cs(116,36): error CS1002: ; expected [c:\vidyanex\vidyanex-api\VNX.API\VNX.API.csproj]
c:\vidyanex\vidyanex-api\VNX.API\Controllers\StudentController.cs(116,97): error CS1002: ; expected [c:\vidyanex\vidyanex-api\VNX.API\VNX.API.csproj]
c:\vidyanex\vidyanex-api\VNX.API\Controllers\StudentController.cs(116,97): error CS1022: Type or namespace definition, or end-of-file expected [c:\vidyanex\vidyanex-api\VNX.API\VNX.API.csproj]
c:\vidyanex\vidyanex-api\VNX.API\Controllers\StudentController.cs(117,17): error CS1022: Type or namespace definition, or end-of-file expected [c:\vidyanex\vidyanex-api\VNX.API\VNX.API.csproj]
c:\vidyanex\vidyanex-api\VNX.API\Controllers\StudentController.cs(119,13): error CS1022: Type or namespace definition, or end-of-file expected [c:\vidyanex\vidyanex-api\VNX.API\VNX.API.csproj]
c:\vidyanex\vidyanex-api\VNX.API\Controllers\StudentController.cs(120,13): error CS1022: Type or namespace definition, or end-of-file expected [c:\vidyanex\vidyanex-api\VNX.API\VNX.API.csproj]
c:\vidyanex\vidyanex-api\VNX.API\Controllers\StudentController.cs(120,30): error CS1026: ) expected [c:\vidyanex\vidyanex-api\VNX.API\VNX.API.csproj]
c:\vidyanex\vidyanex-api\VNX.API\Controllers\StudentController.cs(120,30): error CS1002: ; expected [c:\vidyanex\vidyanex-api\VNX.API\VNX.API.csproj]
c:\vidyanex\vidyanex-api\VNX.API\Controllers\StudentController.cs(120,32): error CS1001: Identifier expected [c:\vidyanex\vidyanex-api\VNX.API\VNX.API.csproj]
c:\vidyanex\vidyanex-api\VNX.API\Controllers\StudentController.cs(120,32): error CS1003: Syntax error, ',' expected [c:\vidyanex\vidyanex-api\VNX.API\VNX.API.csproj]
c:\vidyanex\vidyanex-api\VNX.API\Controllers\StudentController.cs(122,40): error CS1001: Identifier expected [c:\vidyanex\vidyanex-api\VNX.API\VNX.API.csproj]
c:\vidyanex\vidyanex-api\VNX.API\Controllers\StudentController.cs(122,40): error CS1002: ; expected [c:\vidyanex\vidyanex-api\VNX.API\VNX.API.csproj]
c:\vidyanex\vidyanex-api\VNX.API\Controllers\StudentController.cs(122,92): error CS1002: ; expected [c:\vidyanex\vidyanex-api\VNX.API\VNX.API.csproj]
c:\vidyanex\vidyanex-api\VNX.API\Controllers\StudentController.cs(122,92): error CS1022: Type or namespace definition, or end-of-file expected [c:\vidyanex\vidyanex-api\VNX.API\VNX.API.csproj]
c:\vidyanex\vidyanex-api\VNX.API\Controllers\StudentController.cs(123,13): error CS1022: Type or namespace definition, or end-of-file expected [c:\vidyanex\vidyanex-api\VNX.API\VNX.API.csproj]
c:\vidyanex\vidyanex-api\VNX.API\Controllers\StudentController.cs(124,9): error CS1022: Type or namespace definition, or end-of-file expected [c:\vidyanex\vidyanex-api\VNX.API\VNX.API.csproj]
c:\vidyanex\vidyanex-api\VNX.API\Controllers\StudentController.cs(128,9): error CS0106: The modifier 'public' is not valid for this item [c:\vidyanex\vidyanex-api\VNX.API\VNX.API.csproj]
c:\vidyanex\vidyanex-api\VNX.API\Controllers\StudentController.cs(143,9): error CS0106: The modifier 'public' is not valid for this item [c:\vidyanex\vidyanex-api\VNX.API\VNX.API.csproj]
c:\vidyanex\vidyanex-api\VNX.API\Controllers\StudentController.cs(162,5): error CS1022: Type or namespace definition, or end-of-file expected [c:\vidyanex\vidyanex-api\VNX.API\VNX.API.csproj]
c:\vidyanex\vidyanex-api\VNX.API\Controllers\StudentController.cs(163,1): error CS1022: Type or namespace definition, or end-of-file expected [c:\vidyanex\vidyanex-api\VNX.API\VNX.API.csproj]

Build FAILED.

c:\vidyanex\vidyanex-api\VNX.API\VNX.API.csproj : warning NU1608: Detected package version outside of dependency constraint: AutoMapper.Extensions.Microsoft.DependencyInjection 12.0.1 requires AutoMapper (= 12.0.1) but version AutoMapper 16.0.0 was resolved.
c:\vidyanex\vidyanex-api\VNX.API\VNX.API.csproj : warning NU1608: Detected package version outside of dependency constraint: AutoMapper.Extensions.Microsoft.DependencyInjection 12.0.1 requires AutoMapper (= 12.0.1) but version AutoMapper 16.0.0 was resolved.
c:\vidyanex\vidyanex-api\VNX.Repositories\StudentRepository.cs(25,20): warning CS8603: Possible null reference return. [c:\vidyanex\vidyanex-api\VNX.Repositories\VNX.Repositories.csproj]
c:\vidyanex\vidyanex-api\VNX.API\Controllers\StudentController.cs(95,13): error CS1519: Invalid token 'if' in a member declaration [c:\vidyanex\vidyanex-api\VNX.API\VNX.API.csproj]
c:\vidyanex\vidyanex-api\VNX.API\Controllers\StudentController.cs(95,33): error CS8124: Tuple must contain at least two elements. [c:\vidyanex\vidyanex-api\VNX.API\VNX.API.csproj]
c:\vidyanex\vidyanex-api\VNX.API\Controllers\StudentController.cs(95,33): error CS1026: ) expected [c:\vidyanex\vidyanex-api\VNX.API\VNX.API.csproj]
c:\vidyanex\vidyanex-api\VNX.API\Controllers\StudentController.cs(95,33): error CS1519: Invalid token '==' in a member declaration [c:\vidyanex\vidyanex-api\VNX.API\VNX.API.csproj]
c:\vidyanex\vidyanex-api\VNX.API\Controllers\StudentController.cs(100,13): error CS1022: Type or namespace definition, or end-of-file expected [c:\vidyanex\vidyanex-api\VNX.API\VNX.API.csproj]
c:\vidyanex\vidyanex-api\VNX.API\Controllers\StudentController.cs(103,25): error CS0116: A namespace cannot directly contain members such as fields, methods or statements [c:\vidyanex\vidyanex-api\VNX.API\VNX.API.csproj]
c:\vidyanex\vidyanex-api\VNX.API\Controllers\StudentController.cs(103,49): error CS0116: A namespace cannot directly contain members such as fields, methods or statements [c:\vidyanex\vidyanex-api\VNX.API\VNX.API.csproj]
c:\vidyanex\vidyanex-api\VNX.API\Controllers\StudentController.cs(103,50): error CS1022: Type or namespace definition, or end-of-file expected [c:\vidyanex\vidyanex-api\VNX.API\VNX.API.csproj]
c:\vidyanex\vidyanex-api\VNX.API\Controllers\StudentController.cs(105,33): error CS0116: A namespace cannot directly contain members such as fields, methods or statements [c:\vidyanex\vidyanex-api\VNX.API\VNX.API.csproj]
c:\vidyanex\vidyanex-api\VNX.API\Controllers\StudentController.cs(105,43): error CS1022: Type or namespace definition, or end-of-file expected [c:\vidyanex\vidyanex-api\VNX.API\VNX.API.csproj]
c:\vidyanex\vidyanex-api\VNX.API\Controllers\StudentController.cs(105,54): error CS0116: A namespace cannot directly contain members such as fields, methods or statements [c:\vidyanex\vidyanex-api\VNX.API\VNX.API.csproj]
c:\vidyanex\vidyanex-api\VNX.API\Controllers\StudentController.cs(105,60): error CS1022: Type or namespace definition, or end-of-file expected [c:\vidyanex\vidyanex-api\VNX.API\VNX.API.csproj]
c:\vidyanex\vidyanex-api\VNX.API\Controllers\StudentController.cs(107,75): error CS1001: Identifier expected [c:\vidyanex\vidyanex-api\VNX.API\VNX.API.csproj]
c:\vidyanex\vidyanex-api\VNX.API\Controllers\StudentController.cs(109,17): error CS1022: Type or namespace definition, or end-of-file expected [c:\vidyanex\vidyanex-api\VNX.API\VNX.API.csproj]
c:\vidyanex\vidyanex-api\VNX.API\Controllers\StudentController.cs(109,27): error CS1026: ) expected [c:\vidyanex\vidyanex-api\VNX.API\VNX.API.csproj]
c:\vidyanex\vidyanex-api\VNX.API\Controllers\StudentController.cs(109,27): error CS1002: ; expected [c:\vidyanex\vidyanex-api\VNX.API\VNX.API.csproj]
c:\vidyanex\vidyanex-api\VNX.API\Controllers\StudentController.cs(109,27): error CS0116: A namespace cannot directly contain members such as fields, methods or statements [c:\vidyanex\vidyanex-api\VNX.API\VNX.API.csproj]
c:\vidyanex\vidyanex-api\VNX.API\Controllers\StudentController.cs(109,31): error CS1022: Type or namespace definition, or end-of-file expected [c:\vidyanex\vidyanex-api\VNX.API\VNX.API.csproj]
c:\vidyanex\vidyanex-api\VNX.API\Controllers\StudentController.cs(109,33): error CS0116: A namespace cannot directly contain members such as fields, methods or statements [c:\vidyanex\vidyanex-api\VNX.API\VNX.API.csproj]
c:\vidyanex\vidyanex-api\VNX.API\Controllers\StudentController.cs(109,41): error CS1022: Type or namespace definition, or end-of-file expected [c:\vidyanex\vidyanex-api\VNX.API\VNX.API.csproj]
c:\vidyanex\vidyanex-api\VNX.API\Controllers\StudentController.cs(109,75): error CS1022: Type or namespace definition, or end-of-file expected [c:\vidyanex\vidyanex-api\VNX.API\VNX.API.csproj]
c:\vidyanex\vidyanex-api\VNX.API\Controllers\StudentController.cs(109,76): error CS8803: Top-level statements must precede namespace and type declarations. [c:\vidyanex\vidyanex-api\VNX.API\VNX.API.csproj]
c:\vidyanex\vidyanex-api\VNX.API\Controllers\StudentController.cs(110,13): error CS1022: Type or namespace definition, or end-of-file expected [c:\vidyanex\vidyanex-api\VNX.API\VNX.API.csproj]
c:\vidyanex\vidyanex-api\VNX.API\Controllers\StudentController.cs(111,13): error CS1022: Type or namespace definition, or end-of-file expected [c:\vidyanex\vidyanex-api\VNX.API\VNX.API.csproj]
c:\vidyanex\vidyanex-api\VNX.API\Controllers\StudentController.cs(111,38): error CS1026: ) expected [c:\vidyanex\vidyanex-api\VNX.API\VNX.API.csproj]
c:\vidyanex\vidyanex-api\VNX.API\Controllers\StudentController.cs(111,38): error CS1002: ; expected [c:\vidyanex\vidyanex-api\VNX.API\VNX.API.csproj]
c:\vidyanex\vidyanex-api\VNX.API\Controllers\StudentController.cs(111,40): error CS1001: Identifier expected [c:\vidyanex\vidyanex-api\VNX.API\VNX.API.csproj]
c:\vidyanex\vidyanex-api\VNX.API\Controllers\StudentController.cs(111,40): error CS1003: Syntax error, ',' expected [c:\vidyanex\vidyanex-api\VNX.API\VNX.API.csproj]
c:\vidyanex\vidyanex-api\VNX.API\Controllers\StudentController.cs(116,36): error CS1002: ; expected [c:\vidyanex\vidyanex-api\VNX.API\VNX.API.csproj]
c:\vidyanex\vidyanex-api\VNX.API\Controllers\StudentController.cs(116,97): error CS1002: ; expected [c:\vidyanex\vidyanex-api\VNX.API\VNX.API.csproj]
c:\vidyanex\vidyanex-api\VNX.API\Controllers\StudentController.cs(116,97): error CS1022: Type or namespace definition, or end-of-file expected [c:\vidyanex\vidyanex-api\VNX.API\VNX.API.csproj]
c:\vidyanex\vidyanex-api\VNX.API\Controllers\StudentController.cs(117,17): error CS1022: Type or namespace definition, or end-of-file expected [c:\vidyanex\vidyanex-api\VNX.API\VNX.API.csproj]
c:\vidyanex\vidyanex-api\VNX.API\Controllers\StudentController.cs(119,13): error CS1022: Type or namespace definition, or end-of-file expected [c:\vidyanex\vidyanex-api\VNX.API\VNX.API.csproj]
c:\vidyanex\vidyanex-api\VNX.API\Controllers\StudentController.cs(120,13): error CS1022: Type or namespace definition, or end-of-file expected [c:\vidyanex\vidyanex-api\VNX.API\VNX.API.csproj]
c:\vidyanex\vidyanex-api\VNX.API\Controllers\StudentController.cs(120,30): error CS1026: ) expected [c:\vidyanex\vidyanex-api\VNX.API\VNX.API.csproj]
c:\vidyanex\vidyanex-api\VNX.API\Controllers\StudentController.cs(120,30): error CS1002: ; expected [c:\vidyanex\vidyanex-api\VNX.API\VNX.API.csproj]
c:\vidyanex\vidyanex-api\VNX.API\Controllers\StudentController.cs(120,32): error CS1001: Identifier expected [c:\vidyanex\vidyanex-api\VNX.API\VNX.API.csproj]
c:\vidyanex\vidyanex-api\VNX.API\Controllers\StudentController.cs(120,32): error CS1003: Syntax error, ',' expected [c:\vidyanex\vidyanex-api\VNX.API\VNX.API.csproj]
c:\vidyanex\vidyanex-api\VNX.API\Controllers\StudentController.cs(122,40): error CS1001: Identifier expected [c:\vidyanex\vidyanex-api\VNX.API\VNX.API.csproj]
c:\vidyanex\vidyanex-api\VNX.API\Controllers\StudentController.cs(122,40): error CS1002: ; expected [c:\vidyanex\vidyanex-api\VNX.API\VNX.API.csproj]
c:\vidyanex\vidyanex-api\VNX.API\Controllers\StudentController.cs(122,92): error CS1002: ; expected [c:\vidyanex\vidyanex-api\VNX.API\VNX.API.csproj]
c:\vidyanex\vidyanex-api\VNX.API\Controllers\StudentController.cs(122,92): error CS1022: Type or namespace definition, or end-of-file expected [c:\vidyanex\vidyanex-api\VNX.API\VNX.API.csproj]
c:\vidyanex\vidyanex-api\VNX.API\Controllers\StudentController.cs(123,13): error CS1022: Type or namespace definition, or end-of-file expected [c:\vidyanex\vidyanex-api\VNX.API\VNX.API.csproj]
c:\vidyanex\vidyanex-api\VNX.API\Controllers\StudentController.cs(124,9): error CS1022: Type or namespace definition, or end-of-file expected [c:\vidyanex\vidyanex-api\VNX.API\VNX.API.csproj]
c:\vidyanex\vidyanex-api\VNX.API\Controllers\StudentController.cs(128,9): error CS0106: The modifier 'public' is not valid for this item [c:\vidyanex\vidyanex-api\VNX.API\VNX.API.csproj]
c:\vidyanex\vidyanex-api\VNX.API\Controllers\StudentController.cs(143,9): error CS0106: The modifier 'public' is not valid for this item [c:\vidyanex\vidyanex-api\VNX.API\VNX.API.csproj]
c:\vidyanex\vidyanex-api\VNX.API\Controllers\StudentController.cs(162,5): error CS1022: Type or namespace definition, or end-of-file expected [c:\vidyanex\vidyanex-api\VNX.API\VNX.API.csproj]
c:\vidyanex\vidyanex-api\VNX.API\Controllers\StudentController.cs(163,1): error CS1022: Type or namespace definition, or end-of-file expected [c:\vidyanex\vidyanex-api\VNX.API\VNX.API.csproj]
    3 Warning(s)
    48 Error(s)

Time Elapsed 00:00:17.29

Workload updates are available. Run `dotnet workload list` for more information.
